   nve        0                0.000000                2.232091                2.232091               -0.249701                2.481792              300.000000        -0.249701130
   nve       10                1.000000                2.232091                2.232091               -0.249911                2.482002              300.025386        -0.249911144
   nve       20                2.000000                2.232091                2.232091               -0.250538                2.482629              300.101162        -0.250538014
   nve       30                3.000000                2.232091                2.232091               -0.251573                2.483664              300.226327        -0.251573470
   nve       40                4.000000                2.232091                2.232091               -0.253005                2.485095              300.399341        -0.253004772
   nve       50                5.000000                2.232091                2.232091               -0.254815                2.486906              300.618180        -0.254815165
   nve       60                6.000000                2.232091                2.232091               -0.256985                2.489075              300.880417        -0.256984570
   nve       70                7.000000                2.232091                2.232091               -0.259492                2.491582              301.183455        -0.259491509
   nve       80                8.000000                2.232090                2.232090               -0.262317                2.494408              301.525051        -0.262317428
   nve       90                9.000000                2.232090                2.232090               -0.265450                2.497540              301.903664        -0.265449553
   nve      100               10.000000                2.232090                2.232090               -0.268883                2.500974              302.318719        -0.268883161
   nve      110               11.000000                2.232090                2.232090               -0.272618                2.504708              302.770188        -0.272617996
   nve      120               12.000000                2.232091                2.232091               -0.276658                2.508749              303.258585        -0.276658317
   nve      130               13.000000                2.232091                2.232091               -0.281015                2.513105              303.785191        -0.281014730
   nve      140               14.000000                2.232091                2.232091               -0.285704                2.517794              304.351975        -0.285703511
   nve      150               15.000000                2.232091                2.232091               -0.290745                2.522836              304.961392        -0.290744976
   nve      160               16.000000                2.232091                2.232091               -0.296161                2.528252              305.616080        -0.296160959
   nve      170               17.000000                2.232091                2.232091               -0.301975                2.534065              306.318856        -0.301974751
   nve      180               18.000000                2.232091                2.232091               -0.308213                2.540304              307.072950        -0.308213072
   nve      190               19.000000                2.232091                2.232091               -0.314901                2.546992              307.881376        -0.314900876
   nve      200               20.000000                2.232091                2.232091               -0.322058                2.554149              308.746574        -0.322058340
                                      200        20.000000000         2.232090638        -0.322058340         2.554148978       308.746574218        -0.322058340
