   nvt        0                0.000000                0.488577                0.488577               -0.442095                0.930672              100.000000        -0.310588439        -0.124850565        -0.006655634
   nvt     1000              500.000000                0.488541               -0.178831               -1.129471                0.950640              102.145578        -0.377178047        -0.643765928        -0.108526932
   nvt     2000             1000.000000                0.488533               -0.332720               -1.167813                0.835093               89.730099        -0.414125832        -0.695355868        -0.058331345
   nvt     3000             1500.000000                0.488538               -0.426992               -1.362356                0.935364              100.504146        -0.455510438        -0.817239183        -0.089606017
   nvt     4000             2000.000000                0.488532               -0.487205               -1.335938                0.848733               91.195730        -0.329416369        -0.901059932        -0.105461610
   nvt     5000             2500.000000                0.488487               -0.506321               -1.501424                0.995103              106.923083        -0.351836919        -0.951155756        -0.198431633
   nvt     6000             3000.000000                0.488514               -0.645795               -1.568221                0.922425               99.113925        -0.443226117        -0.926653986        -0.198340731
   nvt     7000             3500.000000                0.488539               -0.695312               -1.717511                1.022199              109.834513        -0.487171226        -1.034970896        -0.195368456
   nvt     8000             4000.000000                0.488488               -0.885157               -1.835229                0.950072              102.084540        -0.532185577        -1.135881834        -0.167161775
   nvt     9000             4500.000000                0.488475               -1.010014               -2.008820                0.998806              107.320921        -0.596796453        -1.221048951        -0.190974191
   nvt    10000             5000.000000                0.488513               -0.932640               -1.746708                0.814068               87.470951        -0.597727068        -0.964143499        -0.184837244
   nve    11000             5500.000000                0.488483               -0.932671               -1.785310                0.852640               91.615504        -0.524770721        -1.064360985        -0.196178568
   nve    12000             6000.000000                0.488504               -0.932650               -1.813425                0.880775               94.638607        -0.526650246        -1.140941698        -0.145832992
   nve    13000             6500.000000                0.488478               -0.932675               -1.816997                0.884322               95.019743        -0.530605163        -1.105021846        -0.181370332
   nve    14000             7000.000000                0.488448               -0.932705               -1.979681                1.046976              112.496742        -0.526312436        -1.213016760        -0.240351863
   nve    15000             7500.000000                0.488501               -0.932653               -1.774940                0.842288               90.503163        -0.446979225        -1.068025787        -0.259935045
   nve    16000             8000.000000                0.488450               -0.932704               -2.055337                1.122634              120.626148        -0.611549727        -1.096176931        -0.347610809
   nve    17000             8500.000000                0.488506               -0.932647               -1.955545                1.022898              109.909632        -0.648582951        -0.967685924        -0.339276546
   nve    18000             9000.000000                0.488501               -0.932653               -1.814590                0.881937               94.763447        -0.554144329        -0.885893439        -0.374551881
   nve    19000             9500.000000                0.488488               -0.932666               -1.932549                0.999884              107.436765        -0.559063731        -0.898149115        -0.475336501
   nve    20000            10000.000000                0.488499               -0.932655               -1.906861                0.974206              104.677759        -0.516939321        -0.917939964        -0.471981815
  nvms    21000            10500.000000               -2.170859               -3.592013               -3.647670                0.055657                5.980279        -0.936536819        -2.155957783        -0.555175275
  nvms    22000            11000.000000               -2.435500               -3.856653               -3.858957                0.002304                0.247540        -0.994424600        -2.309141438        -0.555391159
  nvms    23000            11500.000000               -2.511913               -3.933066               -3.935328                0.002261                0.242976        -1.006709082        -2.373246678        -0.555371894
  nvms    24000            12000.000000               -2.597412               -4.018565               -4.026526                0.007960                0.855326        -1.019335823        -2.453959561        -0.553230135
  nvms    25000            12500.000000               -2.624863               -4.046017               -4.046979                0.000963                0.103429        -1.016129867        -2.477476700        -0.553372773
  nvms    26000            13000.000000               -2.652500               -4.073654               -4.075288                0.001634                0.175555        -1.021632340        -2.500342683        -0.553312928
  nvms    27000            13500.000000               -2.661439               -4.082593               -4.082636                0.000043                0.004664        -1.022492319        -2.506790197        -0.553353505
  nvms    28000            14000.000000               -2.661900               -4.083054               -4.083073                0.000020                0.002109        -1.020462374        -2.509203154        -0.553407820
  nvms    29000            14500.000000               -2.662267               -4.083421               -4.083483                0.000062                0.006690        -1.017650588        -2.512365706        -0.553467099
  nvms    30000            15000.000000               -2.662812               -4.083966               -4.084478                0.000512                0.054994        -1.013389582        -2.517559308        -0.553528837
                                    30000     15000.000000000        -4.083965916        -4.084477727         0.000511811         0.054993660        -1.013389582        -2.517559308        -0.553528837
